500500000
502002501
503508006
505016518
506528040
508042575
509560126
511080696
512604288
514130905
515660550
517193226
518728936
520267683
521809470
523354300
524902176
526453101
528007078
529564110
531124200
532687351
534253566
535822848
537395200
538970625
540549126
542130706
543715368
545303115
546893950
548487876
550084896
551685013
553288230
554894550
556503976
558116511
559732158
561350920
562972800
564597801
566225926
567857178
569491560
571129075
572769726
574413516
576060448
577710525
579363750
581020126
582679656
584342343
586008190
587677200
589349376
591024721
592703238
594384930
596069800
597757851
599449086
601143508
602841120
604541925
606245926
607953126
609663528
611377135
613093950
614813976
616537216
618263673
619993350
621726250
623462376
625201731
626944318
628690140
630439200
632191501
633947046
635705838
637467880
639233175
641001726
642773536
644548608
646326945
648108550
649893426
651681576
653473003
655267710
657065700
658866976
660671541
662479398
664290550
666105000
667922751
669743806
671568168
673395840
675226825
677061126
678898746
680739688
682583955
684431550
686282476
688136736
689994333
691855270
693719550
695587176
697458151
699332478
701210160
703091200
704975601
706863366
708754498
710649000
712546875
714448126
716352756
718260768
720172165
722086950
724005126
725926696
727851663
729780030
731711800
733646976
735585561
737527558
739472970
741421800
743374051
745329726
747288828
749251360
751217325
753186726
755159566
757135848
759115575
761098750
763085376
765075456
767068993
769065990
771066450
773070376
775077771
777088638
779102980
781120800
783142101
785166886
787195158
789226920
791262175
793300926
795343176
797388928
799438185
801490950
803547226
805607016
807670323
809737150
811807500
813881376
815958781
818039718
820124190
822212200
824303751
826398846
828497488
830599680
832705425
834814726
836927586
839044008
841163995
843287550
845414676
847545376
849679653
851817510
853958950
856103976
858252591
860404798
862560600
864720000
866883001
869049606
871219818
873393640
875571075
877752126
879936796
882125088
884317005
886512550
888711726
890914536
893120983
895331070
897544800
899762176
901983201
904207878
906436210
908668200
910903851
913143166
915386148
917632800
919883125
922137126
924394806
926656168
928921215
931189950
933462376
935738496
938018313
940301830
942589050
944879976
947174611
949472958
951775020
954080800
956390301
958703526
961020478
963341160
965665575
967993726
970325616
972661248
975000625
977343750
979690626
982041256
984395643
986753790
989115700
991481376
993850821
996224038
998601030
1000981800
1003366351
1005754686
1008146808
1010542720
1012942425
1015345926
1017753226
1020164328
1022579235
1024997950
1027420476
1029846816
1032276973
1034710950
1037148750
1039590376
1042035831
1044485118
1046938240
1049395200
1051856001
1054320646
1056789138
1059261480
1061737675
1064217726
1066701636
1069189408
1071681045
1074176550
1076675926
1079179176
1081686303
1084197310
1086712200
1089230976
1091753641
1094280198
1096810650
1099345000
1101883251
1104425406
1106971468
1109521440
1112075325
1114633126
1117194846
1119760488
1122330055
1124903550
1127480976
1130062336
1132647633
1135236870
1137830050
1140427176
1143028251
1145633278
1148242260
1150855200
1153472101
1156092966
1158717798
1161346600
1163979375
1166616126
1169256856
1171901568
1174550265
1177202950
1179859626
1182520296
1185184963
1187853630
1190526300
1193202976
1195883661
1198568358
1201257070
1203949800
1206646551
1209347326
1212052128
1214760960
1217473825
1220190726
1222911666
1225636648
1228365675
1231098750
1233835876
1236577056
1239322293
1242071590
1244824950
1247582376
1250343871
1253109438
1255879080
1258652800
1261430601
1264212486
1266998458
1269788520
1272582675
1275380926
1278183276
1280989728
1283800285
1286614950
1289433726
1292256616
1295083623
1297914750
1300750000
1303589376
1306432881
1309280518
1312132290
1314988200
1317848251
1320712446
1323580788
1326453280
1329329925
1332210726
1335095686
1337984808
1340878095
1343775550
1346677176
1349582976
1352492953
1355407110
1358325450
1361247976
1364174691
1367105598
1370040700
1372980000
1375923501
1378871206
1381823118
1384779240
1387739575
1390704126
1393672896
1396645888
1399623105
1402604550
1405590226
1408580136
1411574283
1414572670
1417575300
1420582176
1423593301
1426608678
1429628310
1432652200
1435680351
1438712766
1441749448
1444790400
1447835625
1450885126
1453938906
1456996968
1460059315
1463125950
1466196876
1469272096
1472351613
1475435430
1478523550
1481615976
1484712711
1487813758
1490919120
1494028800
1497142801
1500261126
1503383778
1506510760
1509642075
1512777726
1515917716
1519062048
1522210725
1525363750
1528521126
1531682856
1534848943
1538019390
1541194200
1544373376
1547556921
1550744838
1553937130
1557133800
1560334851
1563540286
1566750108
1569964320
1573182925
1576405926
1579633326
1582865128
1586101335
1589341950
1592586976
1595836416
1599090273
1602348550
1605611250
1608878376
1612149931
1615425918
1618706340
1621991200
1625280501
1628574246
1631872438
1635175080
1638482175
1641793726
1645109736
1648430208
1651755145
1655084550
1658418426
1661756776
1665099603
1668446910
1671798700
1675154976
1678515741
1681880998
1685250750
1688625000
1692003751
1695387006
1698774768
1702167040
1705563825
1708965126
1712370946
1715781288
1719196155
1722615550
1726039476
1729467936
1732900933
1736338470
1739780550
1743227176
1746678351
1750134078
1753594360
1757059200
1760528601
1764002566
1767481098
1770964200
1774451875
1777944126
1781440956
1784942368
1788448365
1791958950
1795474126
1798993896
1802518263
1806047230
1809580800
1813118976
1816661761
1820209158
1823761170
1827317800
1830879051
1834444926
1838015428
1841590560
1845170325
1848754726
1852343766
1855937448
1859535775
1863138750
1866746376
1870358656
1873975593
1877597190
1881223450
1884854376
1888489971
1892130238
1895775180
1899424800
1903079101
1906738086
1910401758
1914070120
1917743175
1921420926
1925103376
1928790528
1932482385
1936178950
1939880226
1943586216
1947296923
1951012350
1954732500
1958457376
1962186981
1965921318
1969660390
1973404200
1977152751
1980906046
1984664088
1988426880
1992194425
1995966726
1999743786
2003525608
2007312195
2011103550
2014899676
2018700576
2022506253
2026316710
2030131950
2033951976
2037776791
2041606398
2045440800
2049280000
2053124001
2056972806
2060826418
2064684840
2068548075
2072416126
2076288996
2080166688
2084049205
2087936550
2091828726
2095725736
2099627583
2103534270
2107445800
2111362176
2115283401
2119209478
2123140410
2127076200
2131016851
2134962366
2138912748
2142868000
2146828125
2150793126
2154763006
2158737768
2162717415
2166701950
2170691376
2174685696
2178684913
2182689030
2186698050
2190711976
2194730811
2198754558
2202783220
2206816800
2210855301
2214898726
2218947078
2223000360
2227058575
2231121726
2235189816
2239262848
2243340825
2247423750
2251511626
2255604456
2259702243
2263804990
2267912700
2272025376
2276143021
2280265638
2284393230
2288525800
2292663351
2296805886
2300953408
2305105920
2309263425
2313425926
2317593426
2321765928
2325943435
2330125950
2334313476
2338506016
2342703573
2346906150
2351113750
2355326376
2359544031
2363766718
2367994440
2372227200
2376465001
2380707846
2384955738
2389208680
2393466675
2397729726
2401997836
2406271008
2410549245
2414832550
2419120926
2423414376
2427712903
2432016510
2436325200
2440638976
2444957841
2449281798
2453610850
2457945000
2462284251
2466628606
2470978068
2475332640
2479692325
2484057126
2488427046
2492802088
2497182255
2501567550
2505957976
2510353536
2514754233
2519160070
2523571050
2527987176
2532408451
2536834878
2541266460
2545703200
2550145101
2554592166
2559044398
2563501800
2567964375
2572432126
2576905056
2581383168
2585866465
2590354950
2594848626
2599347496
2603851563
2608360830
2612875300
2617394976
2621919861
2626449958
2630985270
2635525800
2640071551
2644622526
2649178728
2653740160
2658306825
2662878726
2667455866
2672038248
2676625875
2681218750
2685816876
2690420256
2695028893
2699642790
2704261950
2708886376
2713516071
2718151038
2722791280
2727436800
2732087601
2736743686
2741405058
2746071720
2750743675
2755420926
2760103476
2764791328
2769484485
2774182950
2778886726
2783595816
2788310223
2793029950
2797755000
2802485376
2807221081
2811962118
2816708490
2821460200
2826217251
2830979646
2835747388
2840520480
2845298925
2850082726
2854871886
2859666408
2864466295
2869271550
2874082176
2878898176
2883719553
2888546310
2893378450
2898215976
2903058891
2907907198
2912760900
2917620000
2922484501
2927354406
2932229718
2937110440
2941996575
2946888126
2951785096
2956687488
2961595305
2966508550
2971427226
2976351336
2981280883
2986215870
2991156300
2996102176
3001053501
3006010278
3010972510
3015940200
3020913351
3025891966
3030876048
3035865600
3040860625
3045861126
3050867106
3055878568
3060895515
3065917950
3070945876
3075979296
3081018213
3086062630
3091112550
3096167976
3101228911
3106295358
3111367320
3116444800
3121527801
3126616326
3131710378
3136809960
3141915075
3147025726
3152141916
3157263648
3162390925
3167523750
3172662126
3177806056
3182955543
3188110590
3193271200
3198437376
3203609121
3208786438
3213969330
3219157800
3224351851
3229551486
3234756708
3239967520
3245183925
3250405926
3255633526
3260866728
3266105535
3271349950
3276599976
3281855616
3287116873
3292383750
3297656250
3302934376
3308218131
3313507518
3318802540
3324103200
3329409501
3334721446
3340039038
3345362280
3350691175
3356025726
3361365936
3366711808
3372063345
3377420550
3382783426
3388151976
3393526203
3398906110
3404291700
3409682976
3415079941
3420482598
3425890950
3431305000
3436724751
3442150206
3447581368
3453018240
3458460825
3463909126
3469363146
3474822888
3480288355
3485759550
3491236476
3496719136
3502207533
3507701670
3513201550
3518707176
3524218551
3529735678
3535258560
3540787200
3546321601
3551861766
3557407698
3562959400
3568516875
3574080126
3579649156
3585223968
3590804565
3596390950
3601983126
3607581096
3613184863
3618794430
3624409800
3630030976
3635657961
3641290758
3646929370
3652573800
3658224051
3663880126
3669542028
3675209760
3680883325
3686562726
3692247966
3697939048
3703635975
3709338750
3715047376
3720761856
3726482193
3732208390
3737940450
3743678376
3749422171
3755171838
3760927380
3766688800
3772456101
3778229286
3784008358
3789793320
3795584175
3801380926
3807183576
3812992128
3818806585
3824626950
3830453226
3836285416
3842123523
3847967550
3853817500
3859673376
3865535181
3871402918
3877276590
3883156200
3889041751
3894933246
3900830688
3906734080
3912643425
3918558726
3924479986
3930407208
3936340395
3942279550
3948224676
3954175776
3960132853
3966095910
3972064950
3978039976
3984020991
3990007998
3996001000
