21443625000
21462008751
21480403006
21498807768
21517223040
21535648825
21554085126
21572531946
21590989288
21609457155
21627935550
21646424476
21664923936
21683433933
21701954470
21720485550
21739027176
21757579351
21776142078
21794715360
21813299200
21831893601
21850498566
21869114098
21887740200
21906376875
21925024126
21943681956
21962350368
21981029365
21999718950
22018419126
22037129896
22055851263
22074583230
22093325800
22112078976
22130842761
22149617158
22168402170
22187197800
22206004051
22224820926
22243648428
22262486560
22281335325
22300194726
22319064766
22337945448
22356836775
22375738750
22394651376
22413574656
22432508593
22451453190
22470408450
22489374376
22508350971
22527338238
22546336180
22565344800
22584364101
22603394086
22622434758
22641486120
22660548175
22679620926
22698704376
22717798528
22736903385
22756018950
22775145226
22794282216
22813429923
22832588350
22851757500
22870937376
22890127981
22909329318
22928541390
22947764200
22966997751
22986242046
23005497088
23024762880
23044039425
23063326726
23082624786
23101933608
23121253195
23140583550
23159924676
23179276576
23198639253
23218012710
23237396950
23256791976
23276197791
23295614398
23315041800
23334480000
23353929001
23373388806
23392859418
23412340840
23431833075
23451336126
23470849996
23490374688
23509910205
23529456550
23549013726
23568581736
23588160583
23607750270
23627350800
23646962176
23666584401
23686217478
23705861410
23725516200
23745181851
23764858366
23784545748
23804244000
23823953125
23843673126
23863404006
23883145768
23902898415
23922661950
23942436376
23962221696
23982017913
24001825030
24021643050
24041471976
24061311811
24081162558
24101024220
24120896800
24140780301
24160674726
24180580078
24200496360
24220423575
24240361726
24260310816
24280270848
24300241825
24320223750
24340216626
24360220456
24380235243
24400260990
24420297700
24440345376
24460404021
24480473638
24500554230
24520645800
24540748351
24560861886
24580986408
24601121920
24621268425
24641425926
24661594426
24681773928
24701964435
24722165950
24742378476
24762602016
24782836573
24803082150
24823338750
24843606376
24863885031
24884174718
24904475440
24924787200
24945110001
24965443846
24985788738
25006144680
25026511675
25046889726
25067278836
25087679008
25108090245
25128512550
25148945926
25169390376
25189845903
25210312510
25230790200
25251278976
25271778841
25292289798
25312811850
25333345000
25353889251
25374444606
25395011068
25415588640
25436177325
25456777126
25477388046
25498010088
25518643255
25539287550
25559942976
25580609536
25601287233
25621976070
25642676050
25663387176
25684109451
25704842878
25725587460
25746343200
25767110101
25787888166
25808677398
25829477800
25850289375
25871112126
25891946056
25912791168
25933647465
25954514950
25975393626
25996283496
26017184563
26038096830
26059020300
26079954976
26100900861
26121857958
26142826270
26163805800
26184796551
26205798526
26226811728
26247836160
26268871825
26289918726
26310976866
26332046248
26353126875
26374218750
26395321876
26416436256
26437561893
26458698790
26479846950
26501006376
26522177071
26543359038
26564552280
26585756800
26606972601
26628199686
26649438058
26670687720
26691948675
26713220926
26734504476
26755799328
26777105485
26798422950
26819751726
26841091816
26862443223
26883805950
26905180000
26926565376
26947962081
26969370118
26990789490
27012220200
27033662251
27055115646
27076580388
27098056480
27119543925
27141042726
27162552886
27184074408
27205607295
27227151550
27248707176
27270274176
27291852553
27313442310
27335043450
27356655976
27378279891
27399915198
27421561900
27443220000
27464889501
27486570406
27508262718
27529966440
27551681575
27573408126
27595146096
27616895488
27638656305
27660428550
27682212226
27704007336
27725813883
27747631870
27769461300
27791302176
27813154501
27835018278
27856893510
27878780200
27900678351
27922587966
27944509048
27966441600
27988385625
28010341126
28032308106
28054286568
28076276515
28098277950
28120290876
28142315296
28164351213
28186398630
28208457550
28230527976
28252609911
28274703358
28296808320
28318924800
28341052801
28363192326
28385343378
28407505960
28429680075
28451865726
28474062916
28496271648
28518491925
28540723750
28562967126
28585222056
28607488543
28629766590
28652056200
28674357376
28696670121
28718994438
28741330330
28763677800
28786036851
28808407486
28830789708
28853183520
28875588925
28898005926
28920434526
28942874728
28965326535
28987789950
29010264976
29032751616
29055249873
29077759750
29100281250
29122814376
29145359131
29167915518
29190483540
29213063200
29235654501
29258257446
29280872038
29303498280
29326136175
29348785726
29371446936
29394119808
29416804345
29439500550
29462208426
29484927976
29507659203
29530402110
29553156700
29575922976
29598700941
29621490598
29644291950
29667105000
29689929751
29712766206
29735614368
29758474240
29781345825
29804229126
29827124146
29850030888
29872949355
29895879550
29918821476
29941775136
29964740533
29987717670
30010706550
30033707176
30056719551
30079743678
30102779560
30125827200
30148886601
30171957766
30195040698
30218135400
30241241875
30264360126
30287490156
30310631968
30333785565
30356950950
30380128126
30403317096
30426517863
30449730430
30472954800
30496190976
30519438961
30542698758
30565970370
30589253800
30612549051
30635856126
30659175028
30682505760
30705848325
30729202726
30752568966
30775947048
30799336975
30822738750
30846152376
30869577856
30893015193
30916464390
30939925450
30963398376
30986883171
31010379838
31033888380
31057408800
31080941101
31104485286
31128041358
31151609320
31175189175
31198780926
31222384576
31246000128
31269627585
31293266950
31316918226
31340581416
31364256523
31387943550
31411642500
31435353376
31459076181
31482810918
31506557590
31530316200
31554086751
31577869246
31601663688
31625470080
31649288425
31673118726
31696960986
31720815208
31744681395
31768559550
31792449676
31816351776
31840265853
31864191910
31888129950
31912079976
31936041991
31960015998
31984002000
32008000000
32032010001
32056032006
32080066018
32104112040
32128170075
32152240126
32176322196
32200416288
32224522405
32248640550
32272770726
32296912936
32321067183
32345233470
32369411800
32393602176
32417804601
32442019078
32466245610
32490484200
32514734851
32538997566
32563272348
32587559200
32611858125
32636169126
32660492206
32684827368
32709174615
32733533950
32757905376
32782288896
32806684513
32831092230
32855512050
32879943976
32904388011
32928844158
32953312420
32977792800
33002285301
33026789926
33051306678
33075835560
33100376575
33124929726
33149495016
33174072448
33198662025
33223263750
33247877626
33272503656
33297141843
33321792190
33346454700
33371129376
33395816221
33420515238
33445226430
33469949800
33494685351
33519433086
33544193008
33568965120
33593749425
33618545926
33643354626
33668175528
33693008635
33717853950
33742711476
33767581216
33792463173
33817357350
33842263750
33867182376
33892113231
33917056318
33942011640
33966979200
33991959001
34016951046
34041955338
34066971880
34092000675
34117041726
34142095036
34167160608
34192238445
34217328550
34242430926
34267545576
34292672503
34317811710
34342963200
34368126976
34393303041
34418491398
34443692050
34468905000
34494130251
34519367806
34544617668
34569879840
34595154325
34620441126
34645740246
34671051688
34696375455
34721711550
34747059976
34772420736
34797793833
34823179270
34848577050
34873987176
34899409651
34924844478
34950291660
34975751200
35001223101
35026707366
35052203998
35077713000
35103234375
35128768126
35154314256
35179872768
35205443665
35231026950
35256622626
35282230696
35307851163
35333484030
35359129300
35384786976
35410457061
35436139558
35461834470
35487541800
35513261551
35538993726
35564738328
35590495360
35616264825
35642046726
35667841066
35693647848
35719467075
35745298750
35771142876
35796999456
35822868493
35848749990
35874643950
35900550376
35926469271
35952400638
35978344480
36004300800
36030269601
36056250886
36082244658
36108250920
36134269675
36160300926
36186344676
36212400928
36238469685
36264550950
36290644726
36316751016
36342869823
36369001150
36395145000
36421301376
36447470281
36473651718
36499845690
36526052200
36552271251
36578502846
36604746988
36631003680
36657272925
36683554726
36709849086
36736156008
36762475495
36788807550
36815152176
36841509376
36867879153
36894261510
36920656450
36947063976
36973484091
36999916798
37026362100
37052820000
37079290501
37105773606
37132269318
37158777640
37185298575
37211832126
37238378296
37264937088
37291508505
37318092550
37344689226
37371298536
37397920483
37424555070
37451202300
37477862176
37504534701
37531219878
37557917710
37584628200
37611351351
37638087166
37664835648
37691596800
37718370625
37745157126
37771956306
37798768168
37825592715
37852429950
37879279876
37906142496
37933017813
37959905830
37986806550
38013719976
38040646111
38067584958
38094536520
38121500800
38148477801
38175467526
38202469978
38229485160
38256513075
38283553726
38310607116
38337673248
38364752125
38391843750
38418948126
38446065256
38473195143
38500337790
38527493200
38554661376
38581842321
38609036038
38636242530
38663461800
38690693851
38717938686
38745196308
38772466720
38799749925
38827045926
38854354726
38881676328
38909010735
38936357950
38963717976
38991090816
39018476473
39045874950
39073286250
39100710376
39128147331
39155597118
39183059740
39210535200
39238023501
39265524646
39293038638
39320565480
39348105175
39375657726
39403223136
39430801408
39458392545
39485996550
39513613426
39541243176
39568885803
39596541310
39624209700
39651890976
39679585141
39707292198
39735012150
39762745000
39790490751
39818249406
39846020968
39873805440
39901602825
39929413126
39957236346
39985072488
40012921555
40040783550
40068658476
40096546336
40124447133
40152360870
40180287550
40208227176
40236179751
40264145278
40292123760
40320115200
40348119601
40376136966
40404167298
40432210600
40460266875
40488336126
40516418356
40544513568
40572621765
40600742950
40628877126
40657024296
40685184463
40713357630
40741543800
40769742976
40797955161
40826180358
40854418570
40882669800
40910934051
40939211326
40967501628
40995804960
41024121325
41052450726
41080793166
41109148648
41137517175
41165898750
41194293376
41222701056
41251121793
41279555590
41308002450
41336462376
41364935371
41393421438
41421920580
41450432800
41478958101
41507496486
41536047958
41564612520
41593190175
41621780926
41650384776
41679001728
41707631785
41736274950
41764931226
41793600616
41822283123
41850978750
41879687500
41908409376
41937144381
41965892518
41994653790
42023428200
42052215751
42081016446
42109830288
42138657280
42167497425
42196350726
42225217186
42254096808
42282989595
42311895550
42340814676
42369746976
42398692453
42427651110
42456622950
42485607976
42514606191
42543617598
42572642200
42601680000
42630731001
42659795206
42688872618
42717963240
42747067075
42776184126
42805314396
42834457888
42863614605
42892784550
42921967726
42951164136
42980373783
43009596670
43038832800
43068082176
43097344801
43126620678
43155909810
43185212200
43214527851
43243856766
43273198948
43302554400
43331923125
43361305126
43390700406
43420108968
43449530815
43478965950
43508414376
43537876096
43567351113
43596839430
43626341050
43655855976
43685384211
43714925758
43744480620
43774048800
43803630301
43833225126
43862833278
43892454760
43922089575
43951737726
43981399216
44011074048
44040762225
44070463750
44100178626
44129906856
44159648443
44189403390
44219171700
44248953376
44278748421
44308556838
44338378630
44368213800
44398062351
44427924286
44457799608
44487688320
44517590425
44547505926
44577434826
44607377128
44637332835
44667301950
44697284476
44727280416
44757289773
44787312550
44817348750
44847398376
44877461431
44907537918
44937627840
44967731200
44997848001
45027978246
45058121938
45088279080
45118449675
45148633726
45178831236
45209042208
45239266645
45269504550
45299755926
45330020776
45360299103
45390590910
45420896200
45451214976
45481547241
45511892998
45542252250
45572625000
45603011251
45633411006
45663824268
45694251040
45724691325
45755145126
45785612446
45816093288
45846587655
45877095550
45907616976
45938151936
45968700433
45999262470
46029838050
46060427176
46091029851
46121646078
46152275860
46182919200
46213576101
46244246566
46274930598
46305628200
46336339375
46367064126
46397802456
46428554368
46459319865
46490098950
46520891626
46551697896
46582517763
46613351230
46644198300
46675058976
46705933261
46736821158
46767722670
46798637800
46829566551
46860508926
46891464928
46922434560
46953417825
46984414726
47015425266
47046449448
47077487275
47108538750
47139603876
47170682656
47201775093
47232881190
47264000950
47295134376
47326281471
47357442238
47388616680
47419804800
47451006601
47482222086
47513451258
47544694120
47575950675
47607220926
47638504876
47669802528
47701113885
47732438950
47763777726
47795130216
47826496423
47857876350
47889270000
47920677376
47952098481
47983533318
48014981890
48046444200
48077920251
48109410046
48140913588
48172430880
48203961925
48235506726
48267065286
48298637608
48330223695
48361823550
48393437176
48425064576
48456705753
48488360710
48520029450
48551711976
48583408291
48615118398
48646842300
48678580000
48710331501
48742096806
48773875918
48805668840
48837475575
48869296126
48901130496
48932978688
48964840705
48996716550
49028606226
49060509736
49092427083
49124358270
49156303300
49188262176
49220234901
49252221478
49284221910
49316236200
49348264351
49380306366
49412362248
49444432000
49476515625
49508613126
49540724506
49572849768
49604988915
49637141950
49669308876
49701489696
49733684413
49765893030
49798115550
49830351976
49862602311
49894866558
49927144720
49959436800
49991742801
50024062726
50056396578
50088744360
50121106075
50153481726
50185871316
50218274848
50250692325
50283123750
50315569126
50348028456
50380501743
50412988990
50445490200
50478005376
50510534521
50543077638
50575634730
50608205800
50640790851
50673389886
50706002908
50738629920
50771270925
50803925926
50836594926
50869277928
50901974935
50934685950
50967410976
51000150016
51032903073
51065670150
51098451250
51131246376
51164055531
51196878718
51229715940
51262567200
51295432501
51328311846
51361205238
51394112680
51427034175
51459969726
51492919336
51525883008
51558860745
51591852550
51624858426
51657878376
51690912403
51723960510
51757022700
51790098976
51823189341
51856293798
51889412350
51922545000
51955691751
51988852606
52022027568
52055216640
52088419825
52121637126
52154868546
52188114088
52221373755
52254647550
52287935476
52321237536
52354553733
52387884070
52421228550
52454587176
52487959951
52521346878
52554747960
52588163200
52621592601
52655036166
52688493898
52721965800
52755451875
52788952126
52822466556
52855995168
52889537965
52923094950
52956666126
52990251496
53023851063
53057464830
53091092800
53124734976
53158391361
53192061958
53225746770
53259445800
53293159051
53326886526
53360628228
53394384160
53428154325
53461938726
53495737366
53529550248
53563377375
53597218750
53631074376
53664944256
53698828393
53732726790
53766639450
53800566376
53834507571
53868463038
53902432780
53936416800
53970415101
54004427686
54038454558
54072495720
54106551175
54140620926
54174704976
54208803328
54242915985
54277042950
54311184226
54345339816
54379509723
54413693950
54447892500
54482105376
54516332581
54550574118
54584829990
54619100200
54653384751
54687683646
54721996888
54756324480
54790666425
54825022726
54859393386
54893778408
54928177795
54962591550
54997019676
55031462176
55065919053
55100390310
55134875950
55169375976
55203890391
55238419198
55272962400
55307520000
55342092001
55376678406
55411279218
55445894440
55480524075
55515168126
55549826596
55584499488
55619186805
55653888550
55688604726
55723335336
55758080383
55792839870
55827613800
55862402176
55897205001
55932022278
55966854010
56001700200
56036560851
56071435966
56106325548
56141229600
56176148125
56211081126
56246028606
56280990568
56315967015
56350957950
56385963376
56420983296
56456017713
56491066630
56526130050
56561207976
56596300411
56631407358
56666528820
56701664800
56736815301
56771980326
56807159878
56842353960
56877562575
56912785726
56948023416
56983275648
57018542425
57053823750
57089119626
57124430056
57159755043
57195094590
57230448700
57265817376
57301200621
57336598438
57372010830
57407437800
57442879351
57478335486
57513806208
57549291520
57584791425
57620305926
57655835026
57691378728
57726937035
57762509950
57798097476
57833699616
57869316373
57904947750
57940593750
57976254376
58011929631
58047619518
58083324040
58119043200
58154777001
58190525446
58226288538
58262066280
58297858675
58333665726
58369487436
58405323808
58441174845
58477040550
58512920926
58548815976
58584725703
58620650110
58656589200
58692542976
58728511441
58764494598
58800492450
58836505000
58872532251
58908574206
58944630868
58980702240
59016788325
59052889126
59089004646
59125134888
59161279855
59197439550
59233613976
59269803136
59306007033
59342225670
59378459050
59414707176
59450970051
59487247678
59523540060
59559847200
59596169101
59632505766
59668857198
59705223400
59741604375
59778000126
59814410656
59850835968
59887276065
59923730950
59960200626
59996685096
60033184363
60069698430
60106227300
60142770976
60179329461
60215902758
60252490870
60289093800
60325711551
60362344126
60398991528
60435653760
60472330825
60509022726
60545729466
60582451048
60619187475
60655938750
60692704876
60729485856
60766281693
60803092390
60839917950
60876758376
60913613671
60950483838
60987368880
61024268800
61061183601
61098113286
61135057858
61172017320
61208991675
61245980926
61282985076
61320004128
61357038085
61394086950
61431150726
61468229416
61505323023
61542431550
61579555000
61616693376
61653846681
61691014918
61728198090
61765396200
61802609251
61839837246
61877080188
61914338080
61951610925
61988898726
62026201486
62063519208
62100851895
62138199550
62175562176
62212939776
62250332353
62287739910
62325162450
62362599976
62400052491
62437519998
62475002500
62512500000
62550012501
62587540006
62625082518
62662640040
62700212575
62737800126
62775402696
62813020288
62850652905
62888300550
62925963226
62963640936
63001333683
63039041470
63076764300
63114502176
63152255101
63190023078
63227806110
63265604200
63303417351
63341245566
63379088848
63416947200
63454820625
63492709126
63530612706
63568531368
63606465115
63644413950
63682377876
63720356896
63758351013
63796360230
63834384550
63872423976
63910478511
63948548158
63986632920
64024732800
64062847801
64100977926
64139123178
64177283560
64215459075
64253649726
64291855516
64330076448
64368312525
64406563750
64444830126
64483111656
64521408343
64559720190
64598047200
64636389376
64674746721
64713119238
64751506930
64789909800
64828327851
64866761086
64905209508
64943673120
64982151925
65020645926
65059155126
65097679528
65136219135
65174773950
65213343976
65251929216
65290529673
65329145350
65367776250
65406422376
65445083731
65483760318
65522452140
65561159200
65599881501
65638619046
65677371838
65716139880
65754923175
65793721726
65832535536
65871364608
65910208945
65949068550
65987943426
66026833576
66065739003
66104659710
66143595700
66182546976
66221513541
66260495398
66299492550
66338505000
66377532751
66416575806
66455634168
66494707840
66533796825
66572901126
66612020746
66651155688
66690305955
66729471550
66768652476
66807848736
66847060333
66886287270
66925529550
66964787176
67004060151
67043348478
67082652160
67121971200
67161305601
67200655366
67240020498
67279401000
67318796875
67358208126
67397634756
67437076768
67476534165
67516006950
67555495126
67594998696
67634517663
67674052030
67713601800
67753166976
67792747561
67832343558
67871954970
67911581800
67951224051
67990881726
68030554828
68070243360
68109947325
68149666726
68189401566
68229151848
68268917575
68308698750
68348495376
68388307456
68428134993
68467977990
68507836450
68547710376
68587599771
68627504638
68667424980
68707360800
68747312101
68787278886
68827261158
68867258920
68907272175
68947300926
68987345176
69027404928
69067480185
69107570950
69147677226
69187799016
69227936323
69268089150
69308257500
69348441376
69388640781
69428855718
69469086190
69509332200
69549593751
69589870846
69630163488
69670471680
69710795425
69751134726
69791489586
69831860008
69872245995
69912647550
69953064676
69993497376
70033945653
70074409510
70114888950
70155383976
70195894591
70236420798
70276962600
70317520000
70358093001
70398681606
70439285818
70479905640
70520541075
70561192126
70601858796
70642541088
70683239005
70723952550
70764681726
70805426536
70846186983
70886963070
70927754800
70968562176
71009385201
71050223878
71091078210
71131948200
71172833851
71213735166
71254652148
71295584800
71336533125
71377497126
71418476806
71459472168
71500483215
71541509950
71582552376
71623610496
71664684313
71705773830
71746879050
71787999976
71829136611
71870288958
71911457020
71952640800
71993840301
72035055526
72076286478
72117533160
72158795575
72200073726
72241367616
72282677248
72324002625
72365343750
72406700626
72448073256
72489461643
72530865790
72572285700
72613721376
72655172821
72696640038
72738123030
72779621800
72821136351
72862666686
72904212808
72945774720
72987352425
73028945926
73070555226
73112180328
73153821235
73195477950
73237150476
73278838816
73320542973
73362262950
73403998750
73445750376
73487517831
73529301118
73571100240
73612915200
73654746001
73696592646
73738455138
73780333480
73822227675
73864137726
73906063636
73948005408
73989963045
74031936550
74073925926
74115931176
74157952303
74199989310
74242042200
74284110976
74326195641
74368296198
74410412650
74452545000
74494693251
74536857406
74579037468
74621233440
74663445325
74705673126
74747916846
74790176488
74832452055
74874743550
74917050976
74959374336
75001713633
75044068870
75086440050
75128827176
75171230251
75213649278
75256084260
75298535200
75341002101
75383484966
75425983798
75468498600
75511029375
75553576126
75596138856
75638717568
75681312265
75723922950
75766549626
75809192296
75851850963
75894525630
75937216300
75979922976
76022645661
76065384358
76108139070
76150909800
76193696551
76236499326
76279318128
76322152960
76365003825
76407870726
76450753666
76493652648
76536567675
76579498750
76622445876
76665409056
76708388293
76751383590
76794394950
76837422376
76880465871
76923525438
76966601080
77009692800
77052800601
77095924486
77139064458
77182220520
77225392675
77268580926
77311785276
77355005728
77398242285
77441494950
77484763726
77528048616
77571349623
77614666750
77658000000
77701349376
77744714881
77788096518
77831494290
77874908200
77918338251
77961784446
78005246788
78048725280
78092219925
78135730726
78179257686
78222800808
78266360095
78309935550
78353527176
78397134976
78440758953
78484399110
78528055450
78571727976
78615416691
78659121598
78702842700
78746580000
78790333501
78834103206
78877889118
78921691240
78965509575
79009344126
79053194896
79097061888
79140945105
79184844550
79228760226
79272692136
79316640283
79360604670
79404585300
79448582176
79492595301
79536624678
79580670310
79624732200
79668810351
79712904766
79757015448
79801142400
79845285625
79889445126
79933620906
79977812968
80022021315
80066245950
80110486876
80154744096
80199017613
80243307430
80287613550
80331935976
80376274711
80420629758
80465001120
80509388800
80553792801
80598213126
80642649778
80687102760
80731572075
80776057726
80820559716
80865078048
80909612725
80954163750
80998731126
81043314856
81087914943
81132531390
81177164200
81221813376
81266478921
81311160838
81355859130
81400573800
81445304851
81490052286
81534816108
81579596320
81624392925
81669205926
81714035326
81758881128
81803743335
81848621950
81893516976
81938428416
81983356273
82028300550
82073261250
82118238376
82163231931
82208241918
82253268340
82298311200
82343370501
82388446246
82433538438
82478647080
82523772175
82568913726
82614071736
82659246208
82704437145
82749644550
82794868426
82840108776
82885365603
82930638910
82975928700
83021234976
83066557741
83111896998
83157252750
83202625000
83248013751
83293419006
83338840768
83384279040
83429733825
83475205126
83520692946
83566197288
83611718155
83657255550
83702809476
83748379936
83793966933
83839570470
83885190550
83930827176
83976480351
84022150078
84067836360
84113539200
84159258601
84204994566
84250747098
84296516200
84342301875
84388104126
84433922956
84479758368
84525610365
84571478950
84617364126
84663265896
84709184263
84755119230
84801070800
84847038976
84893023761
84939025158
84985043170
85031077800
85077129051
85123196926
85169281428
85215382560
85261500325
85307634726
85353785766
85399953448
85446137775
85492338750
85538556376
85584790656
85631041593
85677309190
85723593450
85769894376
85816211971
85862546238
85908897180
85955264800
86001649101
86048050086
86094467758
86140902120
86187353175
86233820926
86280305376
86326806528
86373324385
86419858950
86466410226
86512978216
86559562923
86606164350
86652782500
86699417376
86746068981
86792737318
86839422390
86886124200
86932842751
86979578046
87026330088
87073098880
87119884425
87166686726
87213505786
87260341608
87307194195
87354063550
87400949676
87447852576
87494772253
87541708710
87588661950
87635631976
87682618791
87729622398
87776642800
87823680000
87870734001
87917804806
87964892418
88011996840
88059118075
88106256126
88153410996
88200582688
88247771205
88294976550
88342198726
88389437736
88436693583
88483966270
88531255800
88578562176
88625885401
88673225478
88720582410
88767956200
88815346851
88862754366
88910178748
88957620000
89005078125
89052553126
89100045006
89147553768
89195079415
89242621950
89290181376
89337757696
89385350913
89432961030
89480588050
89528231976
89575892811
89623570558
89671265220
89718976800
89766705301
89814450726
89862213078
89909992360
89957788575
90005601726
90053431816
90101278848
90149142825
90197023750
90244921626
90292836456
90340768243
90388716990
90436682700
90484665376
90532665021
90580681638
90628715230
90676765800
90724833351
90772917886
90821019408
90869137920
90917273425
90965425926
91013595426
91061781928
91109985435
91158205950
91206443476
91254698016
91302969573
91351258150
91399563750
91447886376
91496226031
91544582718
91592956440
91641347200
91689755001
91738179846
91786621738
91835080680
91883556675
91932049726
91980559836
92029087008
92077631245
92126192550
92174770926
92223366376
92271978903
92320608510
92369255200
92417918976
92466599841
92515297798
92564012850
92612745000
92661494251
92710260606
92759044068
92807844640
92856662325
92905497126
92954349046
93003218088
93052104255
93101007550
93149927976
93198865536
93247820233
93296792070
93345781050
93394787176
93443810451
93492850878
93541908460
93590983200
93640075101
93689184166
93738310398
93787453800
93836614375
93885792126
93934987056
93984199168
94033428465
94082674950
94131938626
94181219496
94230517563
94279832830
94329165300
94378514976
94427881861
94477265958
94526667270
94576085800
94625521551
94674974526
94724444728
94773932160
94823436825
94872958726
94922497866
94972054248
95021627875
95071218750
95120826876
95170452256
95220094893
95269754790
95319431950
95369126376
95418838071
95468567038
95518313280
95568076800
95617857601
95667655686
95717471058
95767303720
95817153675
95867020926
95916905476
95966807328
96016726485
96066662950
96116616726
96166587816
96216576223
96266581950
96316605000
96366645376
96416703081
96466778118
96516870490
96566980200
96617107251
96667251646
96717413388
96767592480
96817788925
96868002726
96918233886
96968482408
97018748295
97069031550
97119332176
97169650176
97219985553
97270338310
97320708450
97371095976
97421500891
97471923198
97522362900
97572820000
97623294501
97673786406
97724295718
97774822440
97825366575
97875928126
97926507096
97977103488
98027717305
98078348550
98128997226
98179663336
98230346883
98281047870
98331766300
98382502176
98433255501
98484026278
98534814510
98585620200
98636443351
98687283966
98738142048
98789017600
98839910625
98890821126
98941749106
98992694568
99043657515
99094637950
99145635876
99196651296
99247684213
99298734630
99349802550
99400887976
99451990911
99503111358
99554249320
99605404800
99656577801
99707768326
99758976378
99810201960
99861445075
99912705726
99963983916
100015279648
100066592925
100117923750
100169272126
100220638056
100272021543
100323422590
100374841200
100426277376
100477731121
100529202438
100580691330
100632197800
100683721851
100735263486
100786822708
100838399520
100889993925
100941605926
100993235526
101044882728
101096547535
101148229950
101199929976
101251647616
101303382873
101355135750
101406906250
101458694376
101510500131
101562323518
101614164540
101666023200
101717899501
101769793446
101821705038
101873634280
101925581175
101977545726
102029527936
102081527808
102133545345
102185580550
102237633426
102289703976
102341792203
102393898110
102446021700
102498162976
102550321941
102602498598
102654692950
102706905000
102759134751
102811382206
102863647368
102915930240
102968230825
103020549126
103072885146
103125238888
103177610355
103229999550
103282406476
103334831136
103387273533
103439733670
103492211550
103544707176
103597220551
103649751678
103702300560
103754867200
103807451601
103860053766
103912673698
103965311400
104017966875
104070640126
104123331156
104176039968
104228766565
104281510950
104334273126
104387053096
104439850863
104492666430
104545499800
104598350976
104651219961
104704106758
104757011370
104809933800
104862874051
104915832126
104968808028
105021801760
105074813325
105127842726
105180889966
105233955048
105287037975
105340138750
105393257376
105446393856
105499548193
105552720390
105605910450
105659118376
105712344171
105765587838
105818849380
105872128800
105925426101
105978741286
106032074358
106085425320
106138794175
106192180926
106245585576
106299008128
106352448585
106405906950
106459383226
106512877416
106566389523
106619919550
106673467500
106727033376
106780617181
106834218918
106887838590
106941476200
106995131751
107048805246
107102496688
107156206080
107209933425
107263678726
107317441986
107371223208
107425022395
107478839550
107532674676
107586527776
107640398853
107694287910
107748194950
107802119976
107856062991
107910023998
107964003000
